HHardcoreBoson = 
{{0, 0, 0, 0},
{0,  - mu,  - t, 0},
{0,  - t,  - mu, 0},
{0, 0, 0, V - 2 * mu}};

HBoson = 
{{0, 0, 0, 0, 0, 0, 0, 0, 0},
{0,  - mu, 0,  - t, 0, 0, 0, 0, 0},
{0, 0, U - 2 * mu, 0,  - 1.41421 * t, 0, 0, 0, 0},
{0,  - t, 0,  - mu, 0, 0, 0, 0, 0},
{0, 0,  - 1.41421 * t, 0, V - 2 * mu, 0,  - 1.41421 * t, 0, 0},
{0, 0, 0, 0, 0, U + 2 * V - 3 * mu, 0,  - 2 * t, 0},
{0, 0, 0, 0,  - 1.41421 * t, 0, U - 2 * mu, 0, 0},
{0, 0, 0, 0, 0,  - 2 * t, 0, U + 2 * V - 3 * mu, 0},
{0, 0, 0, 0, 0, 0, 0, 0, 2 * U + 4 * V - 4 * mu}};

HSpinHalf = 
{{0.5 * D + 0.25 * Jz + h,  - 0.5 * Gamma,  - 0.5 * Gamma, 0},
{ - 0.5 * Gamma, 0.5 * D - 0.25 * Jz, 0.5 * Jxy,  - 0.5 * Gamma},
{ - 0.5 * Gamma, 0.5 * Jxy, 0.5 * D - 0.25 * Jz,  - 0.5 * Gamma},
{0,  - 0.5 * Gamma,  - 0.5 * Gamma, 0.5 * D + 0.25 * Jz - h}};

HSpinOne = 
{{2 * D + Jz + 2 * h,  - 0.707107 * Gamma, 0,  - 0.707107 * Gamma, 0, 0, 0, 0, 0},
{ - 0.707107 * Gamma, D + h,  - 0.707107 * Gamma, 1 * Jxy,  - 0.707107 * Gamma, 0, 0, 0, 0},
{0,  - 0.707107 * Gamma, 2 * D - Jz, 0, 1 * Jxy,  - 0.707107 * Gamma, 0, 0, 0},
{ - 0.707107 * Gamma, 1 * Jxy, 0, D + h,  - 0.707107 * Gamma, 0,  - 0.707107 * Gamma, 0, 0},
{0,  - 0.707107 * Gamma, 1 * Jxy,  - 0.707107 * Gamma, 0,  - 0.707107 * Gamma, 1 * Jxy,  - 0.707107 * Gamma, 0},
{0, 0,  - 0.707107 * Gamma, 0,  - 0.707107 * Gamma, D - h, 0, 1 * Jxy,  - 0.707107 * Gamma},
{0, 0, 0,  - 0.707107 * Gamma, 1 * Jxy, 0, 2 * D - Jz,  - 0.707107 * Gamma, 0},
{0, 0, 0, 0,  - 0.707107 * Gamma, 1 * Jxy,  - 0.707107 * Gamma, D - h,  - 0.707107 * Gamma},
{0, 0, 0, 0, 0,  - 0.707107 * Gamma, 0,  - 0.707107 * Gamma, 2 * D + Jz - 2 * h}};

