<MODELS>
  <SITEBASIS name="alternative t-J">
    <QUANTUMNUMBER name="Nup" min="0" max="1" type="fermionic"/>
    <QUANTUMNUMBER name="Ndown" min="0" max="1-Nup" type="fermionic"/>
    <OPERATOR name="Sminus" matrixelement="1/2">
      <CHANGE quantumnumber="Ndown" change="1"/>
      <CHANGE quantumnumber="Nup" change="-1"/>
    </OPERATOR>
    <OPERATOR name="Splus" matrixelement="1/2">
      <CHANGE quantumnumber="Ndown" change="-1"/>
      <CHANGE quantumnumber="Nup" change="1"/>
    </OPERATOR>
    <OPERATOR name="Sz" matrixelement="(Nup+Ndown)/2"/>
    <OPERATOR name="c_down" matrixelement="1">
      <CHANGE quantumnumber="Ndown" change="-1"/>
    </OPERATOR>
    <OPERATOR name="c_up" matrixelement="1">
      <CHANGE quantumnumber="Nup" change="-1"/>
    </OPERATOR>
    <OPERATOR name="cdag_down" matrixelement="1">
      <CHANGE quantumnumber="Ndown" change="1"/>
    </OPERATOR>
    <OPERATOR name="cdag_up" matrixelement="1">
      <CHANGE quantumnumber="Nup" change="1"/>
    </OPERATOR>
    <OPERATOR name="n" matrixelement="Nup+Ndown"/>
    <OPERATOR name="n_down" matrixelement="Ndown"/>
    <OPERATOR name="n_up" matrixelement="Nup"/>
  </SITEBASIS>
  <SITEBASIS name="boson">
    <PARAMETER name="Nmax" default="infinity"/>
    <QUANTUMNUMBER name="N" min="0" max="Nmax"/>
    <OPERATOR name="b" matrixelement="sqrt(N)">
      <CHANGE quantumnumber="N" change="-1"/>
    </OPERATOR>
    <OPERATOR name="bdag" matrixelement="sqrt(N+1)">
      <CHANGE quantumnumber="N" change="1"/>
    </OPERATOR>
    <OPERATOR name="n" matrixelement="N"/>
  </SITEBASIS>
  <SITEBASIS name="fermion">
    <QUANTUMNUMBER name="Nup" min="0" max="1" type="fermionic"/>
    <QUANTUMNUMBER name="Ndown" min="0" max="1" type="fermionic"/>
    <OPERATOR name="Sminus" matrixelement="1/2">
      <CHANGE quantumnumber="Ndown" change="1"/>
      <CHANGE quantumnumber="Nup" change="-1"/>
    </OPERATOR>
    <OPERATOR name="Splus" matrixelement="1/2">
      <CHANGE quantumnumber="Ndown" change="-1"/>
      <CHANGE quantumnumber="Nup" change="1"/>
    </OPERATOR>
    <OPERATOR name="Sz" matrixelement="(Nup+Ndown)/2"/>
    <OPERATOR name="c_down" matrixelement="1">
      <CHANGE quantumnumber="Ndown" change="-1"/>
    </OPERATOR>
    <OPERATOR name="c_up" matrixelement="1">
      <CHANGE quantumnumber="Nup" change="-1"/>
    </OPERATOR>
    <OPERATOR name="cdag_down" matrixelement="1">
      <CHANGE quantumnumber="Ndown" change="1"/>
    </OPERATOR>
    <OPERATOR name="cdag_up" matrixelement="1">
      <CHANGE quantumnumber="Nup" change="1"/>
    </OPERATOR>
    <OPERATOR name="n" matrixelement="Nup+Ndown"/>
    <OPERATOR name="n_down" matrixelement="Ndown"/>
    <OPERATOR name="n_up" matrixelement="Nup"/>
  </SITEBASIS>
  <SITEBASIS name="hardcore boson">
    <QUANTUMNUMBER name="N" min="0" max="1"/>
    <OPERATOR name="b" matrixelement="1">
      <CHANGE quantumnumber="N" change="-1"/>
    </OPERATOR>
    <OPERATOR name="bdag" matrixelement="1">
      <CHANGE quantumnumber="N" change="1"/>
    </OPERATOR>
    <OPERATOR name="n" matrixelement="N"/>
  </SITEBASIS>
  <SITEBASIS name="spin">
    <PARAMETER name="local_spin" default="local_S"/>
    <PARAMETER name="local_S" default="1/2"/>
    <QUANTUMNUMBER name="S" min="local_spin" max="local_spin"/>
    <QUANTUMNUMBER name="Sz" min="-S" max="S"/>
    <OPERATOR name="Sminus" matrixelement="sqrt(S*(S+1)-Sz*(Sz-1))">
      <CHANGE quantumnumber="Sz" change="-1"/>
    </OPERATOR>
    <OPERATOR name="Splus" matrixelement="sqrt(S*(S+1)-Sz*(Sz+1))">
      <CHANGE quantumnumber="Sz" change="1"/>
    </OPERATOR>
    <OPERATOR name="Sz" matrixelement="Sz"/>
  </SITEBASIS>
  <SITEBASIS name="spinful boson">
    <PARAMETER name="NMax" default="1"/>
    <PARAMETER name="boson_spin" default="1"/>
    <QUANTUMNUMBER name="N" min="0" max="NMax"/>
    <QUANTUMNUMBER name="J" min="0" max="N*boson_spin"/>
    <QUANTUMNUMBER name="Jz" min="-J" max="J"/>
    <OPERATOR name="Jminus" matrixelement="sqrt(J*(J+1)-Jz*(Jz-1))">
      <CHANGE quantumnumber="Jz" change="-1"/>
    </OPERATOR>
    <OPERATOR name="Jplus" matrixelement="sqrt(J*(J+1)-Jz*(Jz+1))">
      <CHANGE quantumnumber="Jz" change="1"/>
    </OPERATOR>
    <OPERATOR name="Jz" matrixelement="Jz"/>
    <OPERATOR name="n" matrixelement="N"/>
  </SITEBASIS>
  <SITEBASIS name="spinless fermion">
    <QUANTUMNUMBER name="N" min="0" max="1" type="fermionic"/>
    <OPERATOR name="c" matrixelement="1">
      <CHANGE quantumnumber="N" change="-1"/>
    </OPERATOR>
    <OPERATOR name="cdag" matrixelement="1">
      <CHANGE quantumnumber="N" change="1"/>
    </OPERATOR>
    <OPERATOR name="n" matrixelement="N"/>
  </SITEBASIS>
  <SITEBASIS name="t-J">
    <QUANTUMNUMBER name="N" min="0" max="1" type="fermionic"/>
    <QUANTUMNUMBER name="Sz" min="-N/2" max="N/2"/>
    <QUANTUMNUMBER name="S" min="N/2" max="N/2"/>
    <OPERATOR name="Sminus" matrixelement="1/2">
      <CHANGE quantumnumber="Sz" change="-1"/>
    </OPERATOR>
    <OPERATOR name="Splus" matrixelement="1/2">
      <CHANGE quantumnumber="Sz" change="1"/>
    </OPERATOR>
    <OPERATOR name="Sz" matrixelement="Sz"/>
    <OPERATOR name="c_down" matrixelement="1">
      <CHANGE quantumnumber="N" change="-1"/>
      <CHANGE quantumnumber="S" change="-1/2"/>
      <CHANGE quantumnumber="Sz" change="1/2"/>
    </OPERATOR>
    <OPERATOR name="c_up" matrixelement="1">
      <CHANGE quantumnumber="Nup" change="-1"/>
      <CHANGE quantumnumber="S" change="-1/2"/>
      <CHANGE quantumnumber="Sz" change="-1/2"/>
    </OPERATOR>
    <OPERATOR name="cdag_down" matrixelement="1">
      <CHANGE quantumnumber="Ndown" change="1"/>
      <CHANGE quantumnumber="S" change="1/2"/>
      <CHANGE quantumnumber="Sz" change="-1/2"/>
    </OPERATOR>
    <OPERATOR name="cdag_u" matrixelement="1">
      <CHANGE quantumnumber="Nup" change="1"/>
      <CHANGE quantumnumber="S" change="1/2"/>
      <CHANGE quantumnumber="Sz" change="1/2"/>
    </OPERATOR>
    <OPERATOR name="n" matrixelement="N"/>
    <OPERATOR name="n_down" matrixelement="S*(1/2-Sz)"/>
    <OPERATOR name="n_up" matrixelement="S*(Sz+1/2)"/>
  </SITEBASIS>
  <BASIS name="Kondo lattice">
    <SITEBASIS type="0" ref="fermion"/>
    <SITEBASIS type="1" ref="spin"/>
  </BASIS>
  <BASIS name="alternative t-J">
    <SITEBASIS ref="alternative t-J"/>
    <CONSTRAINT quantumnumber="Nup" value="N_total / 2 + Sz_total"/>
    <CONSTRAINT quantumnumber="Ndown" value="N_total / 2 - Sz_total"/>
  </BASIS>
  <BASIS name="boson">
    <SITEBASIS ref="boson"/>
    <CONSTRAINT quantumnumber="N" value="N_total"/>
  </BASIS>
  <BASIS name="fermion">
    <SITEBASIS ref="fermion"/>
    <CONSTRAINT quantumnumber="Nup" value="N_total / 2 + Sz_total"/>
    <CONSTRAINT quantumnumber="Ndown" value="N_total / 2 - Sz_total"/>
  </BASIS>
  <BASIS name="hardcore boson">
    <SITEBASIS ref="hardcore boson"/>
    <CONSTRAINT quantumnumber="N" value="N_total"/>
  </BASIS>
  <BASIS name="mixed spin">
    <SITEBASIS type="0" ref="spin">
      <PARAMETER name="local_spin" value="local_S"/>
    </SITEBASIS>
    <SITEBASIS type="1" ref="spin">
      <PARAMETER name="local_spin" value="local_S'"/>
    </SITEBASIS>
    <CONSTRAINT quantumnumber="Sz" value="Sz_total"/>
  </BASIS>
  <BASIS name="spin">
    <SITEBASIS ref="spin"/>
    <CONSTRAINT quantumnumber="Sz" value="Sz_total"/>
  </BASIS>
  <BASIS name="spinless fermion">
    <SITEBASIS ref="spinless fermion"/>
    <CONSTRAINT quantumnumber="N" value="N_total"/>
  </BASIS>
  <BASIS name="t-J">
    <SITEBASIS ref="t-J"/>
    <CONSTRAINT quantumnumber="N" value="N_total"/>
    <CONSTRAINT quantumnumber="Sz" value="Sz_total"/>
  </BASIS>
  <HAMILTONIAN name="Ian's fermion Hubbard">
    <PARAMETER name="mu" default="0"/>
    <PARAMETER name="t" default="1"/>
    <PARAMETER name="V" default="0"/>
    <PARAMETER name="t'" default="0"/>
    <PARAMETER name="V'" default="0"/>
    <PARAMETER name="U" default="0"/>
    <BASIS ref="fermion"/>
    <SITETERM>
      -mu*n+U*(n_up-1/2)*(n_down-1/2)
    </SITETERM>
    <BONDTERM type="0" source="i" target="j">
      -t*(cdag_up(i)*c_up(j)+cdag_up(j)*c_up(i)+cdag_down(i)*c_down(j)+cdag_down(j)*c_down(i)) 
          + V*n(i)*n(j)
    </BONDTERM>
    <BONDTERM type="1" source="i" target="j">
      -t'*(cdag_up(i)*c_up(j)+cdag_up(j)*c_up(i)+cdag_down(i)*c_down(j)+cdag_down(j)*c_down(i)) 
          + V'*n(i)*n(j)
    </BONDTERM>
  </HAMILTONIAN>
  <HAMILTONIAN name="Kondo lattice">
    <PARAMETER name="mu" default="0"/>
    <PARAMETER name="t" default="1"/>
    <PARAMETER name="J" default="1"/>
    <BASIS ref="Kondo lattice"/>
    <SITETERM type="0">
      -mu*n
    </SITETERM>
    <SITETERM type="1">
      0
    </SITETERM>
    <BONDTERM type="0" source="i" target="j">
      -t*(cdag_up(i)*c_up(j)+cdag_up(j)*c_up(i)+cdag_down(i)*c_down(j)+cdag_down(j)*c_down(i))
    </BONDTERM>
    <BONDTERM type="1" source="i" target="j">
      J/2*(Splus(j)*cdag_down(i)*c_up(i)+Sminus(j)*cdag_up(i)*c_down(i))+(J/2)*Sz(j)*(n_up(i)-n_down(i))
    </BONDTERM>
  </HAMILTONIAN>
  <HAMILTONIAN name="alternative t-J">
    <PARAMETER name="mu" default="0"/>
    <PARAMETER name="t" default="1"/>
    <PARAMETER name="J" default="1"/>
    <PARAMETER name="t'" default="t"/>
    <PARAMETER name="J'" default="J"/>
    <PARAMETER name="t''" default="t"/>
    <PARAMETER name="J''" default="J"/>
    <BASIS ref="alternative t-J"/>
    <SITETERM type="0">
      -mu*n
    </SITETERM>
    <BONDTERM type="0" source="i" target="j">
      -t*(cdag_up(i)*c_up(j)+cdag_up(j)*c_up(i)+cdag_down(i)*c_down(j)+cdag_down(j)*c_down(i)) 
          +J/2*(Splus(i)*Sminus(j)+Sminus(i)*Splus(j))+J*Sz(i)*Sz(j)-J/4*n(i)*n(j)
    </BONDTERM>
    <BONDTERM type="1" source="i" target="j">
      -t'*(cdag_up(i)*c_up(j)+cdag_up(j)*c_up(i)+cdag_down(i)*c_down(j)+cdag_down(j)*c_down(i)) 
          +J'*Sz(i)*Sz(j)+J'/2*(Splus(i)*Sminus(j)+Sminus(i)*Splus(j))-J'/4*n(i)*n(j)
    </BONDTERM>
    <BONDTERM type="2" source="i" target="j">
      -t''*(cdag_up(i)*c_up(j)+cdag_up(j)*c_up(i)+cdag_down(i)*c_down(j)+cdag_down(j)*c_down(i)) 
          +J''*Sz(i)*Sz(j)+J''/2*(Splus(i)*Sminus(j)+Sminus(i)*Splus(j))-J''/4*n(i)*n(j)
    </BONDTERM>
  </HAMILTONIAN>
  <HAMILTONIAN name="boson Hubbard">
    <PARAMETER name="mu" default="0"/>
    <PARAMETER name="t" default="1"/>
    <PARAMETER name="V" default="0"/>
    <PARAMETER name="t'" default="0"/>
    <PARAMETER name="V'" default="0"/>
    <PARAMETER name="U" default="0"/>
    <BASIS ref="boson"/>
    <SITETERM>
      -mu*n+U*n*(n-1)/2
    </SITETERM>
    <BONDTERM type="0" source="i" target="j">
      -t*(bdag(i)*b(j)+bdag(j)*b(i)) + V*n(i)*n(j)
    </BONDTERM>
    <BONDTERM type="1" source="i" target="j">
      -t'*(bdag(i)*b(j)+bdag(j)*b(i)) + V'*n(i)*n(j)
    </BONDTERM>
  </HAMILTONIAN>
  <HAMILTONIAN name="fermion Hubbard">
    <PARAMETER name="mu" default="0"/>
    <PARAMETER name="t" default="1"/>
    <PARAMETER name="V" default="0"/>
    <PARAMETER name="t'" default="0"/>
    <PARAMETER name="V'" default="0"/>
    <PARAMETER name="U" default="0"/>
    <BASIS ref="fermion"/>
    <SITETERM>
      -mu*n+U*n_up*n_down
    </SITETERM>
    <BONDTERM type="0" source="i" target="j">
      -t*(cdag_up(i)*c_up(j)+cdag_up(j)*c_up(i)+cdag_down(i)*c_down(j)+cdag_down(j)*c_down(i)) 
          + V*n(i)*n(j)
    </BONDTERM>
    <BONDTERM type="1" source="i" target="j">
      -t'*(cdag_up(i)*c_up(j)+cdag_up(j)*c_up(i)+cdag_down(i)*c_down(j)+cdag_down(j)*c_down(i)) 
          + V'*n(i)*n(j)
    </BONDTERM>
  </HAMILTONIAN>
  <HAMILTONIAN name="hardcore boson">
    <PARAMETER name="mu" default="0"/>
    <PARAMETER name="t" default="1"/>
    <PARAMETER name="V" default="0"/>
    <PARAMETER name="t'" default="0"/>
    <PARAMETER name="V'" default="0"/>
    <BASIS ref="hardcore boson"/>
    <SITETERM>
      -mu*n
    </SITETERM>
    <BONDTERM type="0" source="i" target="j">
      -t*(bdag(i)*b(j)+bdag(j)*b(i)) + V*n(i)*n(j)
    </BONDTERM>
    <BONDTERM type="1" source="i" target="j">
      -t'*(bdag(i)*b(j)+bdag(j)*b(i)) + V'*n(i)*n(j)
    </BONDTERM>
  </HAMILTONIAN>
  <HAMILTONIAN name="mixed spin">
    <PARAMETER name="Jz" default="J"/>
    <PARAMETER name="Jxy" default="J"/>
    <PARAMETER name="J" default="1"/>
    <PARAMETER name="Jz'" default="J'"/>
    <PARAMETER name="Jxy'" default="J'"/>
    <PARAMETER name="J'" default="0"/>
    <PARAMETER name="h" default="0"/>
    <PARAMETER name="Gamma" default="0"/>
    <PARAMETER name="local_S" default="1/2"/>
    <PARAMETER name="local_S'" default="1/2"/>
    <BASIS ref="mixed spin"/>
    <SITETERM>
      -h*Sz-Gamma/2*(Splus+Sminus)
    </SITETERM>
    <BONDTERM type="0" source="i" target="j">
      Jz*Sz(i)*Sz(j)+Jxy/2*(Splus(i)*Sminus(j)+Sminus(i)*Splus(j))
    </BONDTERM>
    <BONDTERM type="1" source="i" target="j">
      Jz'*Sz(i)*Sz(j)+Jxy'/2*(Splus(i)*Sminus(j)+Sminus(i)*Splus(j))
    </BONDTERM>
  </HAMILTONIAN>
  <HAMILTONIAN name="spin">
    <PARAMETER name="Jz" default="J"/>
    <PARAMETER name="Jxy" default="J"/>
    <PARAMETER name="J" default="1"/>
    <PARAMETER name="Jz'" default="J'"/>
    <PARAMETER name="Jxy'" default="J'"/>
    <PARAMETER name="J'" default="0"/>
    <PARAMETER name="h" default="0"/>
    <PARAMETER name="Gamma" default="0"/>
    <PARAMETER name="local_S" default="1/2"/>
    <BASIS ref="spin"/>
    <SITETERM>
      -h*Sz-Gamma/2*(Splus+Sminus)
    </SITETERM>
    <BONDTERM type="0" source="i" target="j">
      Jz*Sz(i)*Sz(j)+Jxy/2*(Splus(i)*Sminus(j)+Sminus(i)*Splus(j))
    </BONDTERM>
    <BONDTERM type="1" source="i" target="j">
      Jz'*Sz(i)*Sz(j)+Jxy'/2*(Splus(i)*Sminus(j)+Sminus(i)*Splus(j))
    </BONDTERM>
  </HAMILTONIAN>
  <HAMILTONIAN name="spinless fermions">
    <PARAMETER name="mu" default="0"/>
    <PARAMETER name="t" default="1"/>
    <PARAMETER name="V" default="0"/>
    <PARAMETER name="t'" default="0"/>
    <PARAMETER name="V'" default="0"/>
    <BASIS ref="spinless fermion"/>
    <SITETERM>
      -mu*n
    </SITETERM>
    <BONDTERM type="0" source="i" target="j">
      -t*(cdag(i)*c(j)+cdag(j)*c(i)) + V*n(i)*n(j)
    </BONDTERM>
    <BONDTERM type="1" source="i" target="j">
      -t'*(cdag(i)*c(j)+cdag(j)*c(i)) + V'*n(i)*n(j)
    </BONDTERM>
  </HAMILTONIAN>
  <HAMILTONIAN name="t-J">
    <PARAMETER name="mu" default="0"/>
    <PARAMETER name="t" default="1"/>
    <PARAMETER name="J" default="1"/>
    <PARAMETER name="t'" default="t"/>
    <PARAMETER name="J'" default="J"/>
    <PARAMETER name="t''" default="t"/>
    <PARAMETER name="J''" default="J"/>
    <BASIS ref="t-J"/>
    <SITETERM type="0">
      -mu*n
    </SITETERM>
    <BONDTERM type="0" source="i" target="j">
      -t*(cdag_up(i)*c_up(j)+cdag_up(j)*c_up(i)+cdag_down(i)*c_down(j)+cdag_down(j)*c_down(i)) 
          +J/2*(Splus(i)*Sminus(j)+Sminus(i)*Splus(j))+J*Sz(i)*Sz(j)-J/4*n(i)*n(j)
    </BONDTERM>
    <BONDTERM type="1" source="i" target="j">
      -t'*(cdag_up(i)*c_up(j)+cdag_up(j)*c_up(i)+cdag_down(i)*c_down(j)+cdag_down(j)*c_down(i)) 
          +J'*Sz(i)*Sz(j)+J'/2*(Splus(i)*Sminus(j)+Sminus(i)*Splus(j))-J'/4*n(i)*n(j)
    </BONDTERM>
    <BONDTERM type="2" source="i" target="j">
      -t''*(cdag_up(i)*c_up(j)+cdag_up(j)*c_up(i)+cdag_down(i)*c_down(j)+cdag_down(j)*c_down(i)) 
          +J''*Sz(i)*Sz(j)+J''/2*(Splus(i)*Sminus(j)+Sminus(i)*Splus(j))-J''/4*n(i)*n(j)
    </BONDTERM>
  </HAMILTONIAN>
</MODELS>
