HHardcoreBosonSite =
{{0, 0},
{0,  - mu}};
HSpinSite =
{{0.25 * D + 0.5 * h,  - 0.5 * Gamma},
{ - 0.5 * Gamma, 0.25 * D - 0.5 * h}};
HHardcoreBosonBond =
{{{{0, 0}, {0, 0}},
{{0, 0}, { - t, 0}}},
{{{0,  - t}, {0, 0}},
{{0, 0}, {0, V}}}};
HSpinBond =
{{{{0.25 * Jz, 0}, {0, 0}},
{{0,  - 0.25 * Jz}, {0.5 * Jxy, 0}}},
{{{0, 0.5 * Jxy}, { - 0.25 * Jz, 0}},
{{0, 0}, {0, 0.25 * Jz}}}};
HBosonSite =
{{0, 0, 0},
{0,  - mu, 0},
{0, 0, U - 2 * mu}};
HBosonBond =
{{{{0, 0, 0}, {0, 0, 0}, {0, 0, 0}},
{{0, 0, 0}, { - t, 0, 0}, {0, 0, 0}},
{{0, 0, 0}, {0,  - 1.41421 * t, 0}, {0, 0, 0}}},
{{{0,  - t, 0}, {0, 0, 0}, {0, 0, 0}},
{{0, 0,  - 1.41421 * t}, {0, V, 0}, { - 1.41421 * t, 0, 0}},
{{0, 0, 0}, {0, 0, 2 * V}, {0,  - 2 * t, 0}}},
{{{0, 0, 0}, {0,  - 1.41421 * t, 0}, {0, 0, 0}},
{{0, 0, 0}, {0, 0,  - 2 * t}, {0, 2 * V, 0}},
{{0, 0, 0}, {0, 0, 0}, {0, 0, 4 * V}}}};
