States of basis spin-1 boson={
  | N=0 J=0 Jz=0 >
  | N=1 J=0 Jz=0 >
  | N=1 J=1 Jz=-1 >
  | N=1 J=1 Jz=0 >
  | N=1 J=1 Jz=1 >
}
States of basis spin-S boson={
  | N=0 J=0 Jz=0 >
  | N=1 J=0 Jz=0 >
  | N=1 J=1 Jz=-1 >
  | N=1 J=1 Jz=0 >
  | N=1 J=1 Jz=1 >
  | N=1 J=2 Jz=-2 >
  | N=1 J=2 Jz=-1 >
  | N=1 J=2 Jz=0 >
  | N=1 J=2 Jz=1 >
  | N=1 J=2 Jz=2 >
  | N=2 J=0 Jz=0 >
  | N=2 J=1 Jz=-1 >
  | N=2 J=1 Jz=0 >
  | N=2 J=1 Jz=1 >
  | N=2 J=2 Jz=-2 >
  | N=2 J=2 Jz=-1 >
  | N=2 J=2 Jz=0 >
  | N=2 J=2 Jz=1 >
  | N=2 J=2 Jz=2 >
  | N=2 J=3 Jz=-3 >
  | N=2 J=3 Jz=-2 >
  | N=2 J=3 Jz=-1 >
  | N=2 J=3 Jz=0 >
  | N=2 J=3 Jz=1 >
  | N=2 J=3 Jz=2 >
  | N=2 J=3 Jz=3 >
  | N=2 J=4 Jz=-4 >
  | N=2 J=4 Jz=-3 >
  | N=2 J=4 Jz=-2 >
  | N=2 J=4 Jz=-1 >
  | N=2 J=4 Jz=0 >
  | N=2 J=4 Jz=1 >
  | N=2 J=4 Jz=2 >
  | N=2 J=4 Jz=3 >
  | N=2 J=4 Jz=4 >
}
States of basis t-J={
  | N=0 Sz=0 >
  | N=1 Sz=-1/2 >
  | N=1 Sz=1/2 >
}
States of basis t-J alternative={
  | Nup=0 Ndown=0 >
  | Nup=0 Ndown=1 >
  | Nup=1 Ndown=0 >
}
