Translation 0 with phase (1,0) maps 0->0 1->1 2->2 3->3 
Translation 1 with phase (1,0) maps 0->1 1->2 2->3 3->0 
Translation 2 with phase (1,0) maps 0->2 1->3 2->0 3->1 
Translation 3 with phase (1,0) maps 0->3 1->0 2->1 3->2 
Built states:
{
1*[ |1/2 -1/2 > |1/2 -1/2 > |1/2 -1/2 > |1/2 -1/2 >  ] + translations
0.5*[ |1/2 -1/2 > |1/2 -1/2 > |1/2 -1/2 > |1/2 1/2 >  ] + translations
0.5*[ |1/2 -1/2 > |1/2 -1/2 > |1/2 1/2 > |1/2 1/2 >  ] + translations
0.707107*[ |1/2 -1/2 > |1/2 1/2 > |1/2 -1/2 > |1/2 1/2 >  ] + translations
0.5*[ |1/2 -1/2 > |1/2 1/2 > |1/2 1/2 > |1/2 1/2 >  ] + translations
1*[ |1/2 1/2 > |1/2 1/2 > |1/2 1/2 > |1/2 1/2 >  ] + translations
}

Translation 0 with phase (1,0) maps 0->0 1->1 2->2 3->3 
Translation 1 with phase (6.12323e-17,1) maps 0->1 1->2 2->3 3->0 
Translation 2 with phase (-1,1.22465e-16) maps 0->2 1->3 2->0 3->1 
Translation 3 with phase (-1.83697e-16,-1) maps 0->3 1->0 2->1 3->2 
Built states:
{
0.5*[ |1/2 -1/2 > |1/2 -1/2 > |1/2 -1/2 > |1/2 1/2 >  ] + translations
0.5*[ |1/2 -1/2 > |1/2 -1/2 > |1/2 1/2 > |1/2 1/2 >  ] + translations
0.5*[ |1/2 -1/2 > |1/2 1/2 > |1/2 1/2 > |1/2 1/2 >  ] + translations
}

Translation 0 with phase (1,0) maps 0->0 1->1 2->2 3->3 
Translation 1 with phase (-1,1.22465e-16) maps 0->1 1->2 2->3 3->0 
Translation 2 with phase (1,-2.44929e-16) maps 0->2 1->3 2->0 3->1 
Translation 3 with phase (-1,3.67394e-16) maps 0->3 1->0 2->1 3->2 
Built states:
{
0.5*[ |1/2 -1/2 > |1/2 -1/2 > |1/2 -1/2 > |1/2 1/2 >  ] + translations
0.5*[ |1/2 -1/2 > |1/2 -1/2 > |1/2 1/2 > |1/2 1/2 >  ] + translations
0.707107*[ |1/2 -1/2 > |1/2 1/2 > |1/2 -1/2 > |1/2 1/2 >  ] + translations
0.5*[ |1/2 -1/2 > |1/2 1/2 > |1/2 1/2 > |1/2 1/2 >  ] + translations
}

Translation 0 with phase (1,0) maps 0->0 1->1 2->2 3->3 
Translation 1 with phase (-1.83697e-16,-1) maps 0->1 1->2 2->3 3->0 
Translation 2 with phase (-1,3.67394e-16) maps 0->2 1->3 2->0 3->1 
Translation 3 with phase (5.51091e-16,1) maps 0->3 1->0 2->1 3->2 
Built states:
{
0.5*[ |1/2 -1/2 > |1/2 -1/2 > |1/2 -1/2 > |1/2 1/2 >  ] + translations
0.5*[ |1/2 -1/2 > |1/2 -1/2 > |1/2 1/2 > |1/2 1/2 >  ] + translations
0.5*[ |1/2 -1/2 > |1/2 1/2 > |1/2 1/2 > |1/2 1/2 >  ] + translations
}

