<AVERAGES>
  <HISTOGRAM name="histogram 1" nvalues="10">
    <ENTRY indexvalue="0">
      <COUNT>4096</COUNT>
      <VALUE>384</VALUE>
    </ENTRY>
    <ENTRY indexvalue="1">
      <COUNT>4096</COUNT>
      <VALUE>440</VALUE>
    </ENTRY>
    <ENTRY indexvalue="2">
      <COUNT>4096</COUNT>
      <VALUE>413</VALUE>
    </ENTRY>
    <ENTRY indexvalue="3">
      <COUNT>4096</COUNT>
      <VALUE>389</VALUE>
    </ENTRY>
    <ENTRY indexvalue="4">
      <COUNT>4096</COUNT>
      <VALUE>431</VALUE>
    </ENTRY>
    <ENTRY indexvalue="5">
      <COUNT>4096</COUNT>
      <VALUE>443</VALUE>
    </ENTRY>
    <ENTRY indexvalue="6">
      <COUNT>4096</COUNT>
      <VALUE>406</VALUE>
    </ENTRY>
    <ENTRY indexvalue="7">
      <COUNT>4096</COUNT>
      <VALUE>387</VALUE>
    </ENTRY>
    <ENTRY indexvalue="8">
      <COUNT>4096</COUNT>
      <VALUE>403</VALUE>
    </ENTRY>
    <ENTRY indexvalue="9">
      <COUNT>4096</COUNT>
      <VALUE>400</VALUE>
    </ENTRY>
  </HISTOGRAM>
  <HISTOGRAM name="histogram 2" nvalues="10">
    <ENTRY indexvalue="0">
      <COUNT>4096</COUNT>
      <VALUE>1289</VALUE>
    </ENTRY>
    <ENTRY indexvalue="1">
      <COUNT>4096</COUNT>
      <VALUE>548</VALUE>
    </ENTRY>
    <ENTRY indexvalue="2">
      <COUNT>4096</COUNT>
      <VALUE>435</VALUE>
    </ENTRY>
    <ENTRY indexvalue="3">
      <COUNT>4096</COUNT>
      <VALUE>350</VALUE>
    </ENTRY>
    <ENTRY indexvalue="4">
      <COUNT>4096</COUNT>
      <VALUE>311</VALUE>
    </ENTRY>
    <ENTRY indexvalue="5">
      <COUNT>4096</COUNT>
      <VALUE>258</VALUE>
    </ENTRY>
    <ENTRY indexvalue="6">
      <COUNT>4096</COUNT>
      <VALUE>271</VALUE>
    </ENTRY>
    <ENTRY indexvalue="7">
      <COUNT>4096</COUNT>
      <VALUE>209</VALUE>
    </ENTRY>
    <ENTRY indexvalue="8">
      <COUNT>4096</COUNT>
      <VALUE>219</VALUE>
    </ENTRY>
    <ENTRY indexvalue="9">
      <COUNT>4096</COUNT>
      <VALUE>206</VALUE>
    </ENTRY>
  </HISTOGRAM>
  <SCALAR_AVERAGE name="scalar 1">
    <COUNT>4096</COUNT>
    <MEAN method="simple">0.33008</MEAN>
    <ERROR converged="yes" method="simple">0.00462</ERROR>
    <VARIANCE method="simple">0.0875</VARIANCE>
  </SCALAR_AVERAGE>
</AVERAGES>
