
a: 	0.81 +/- 0.1


b: 	1.21 +/- 0.2


b: 	4.5 +/- 0.3


 +a: 	0.81 +/- 0.1


 -a: 	0.81 +/- 0.1


 abs(c): 	4.5 +/- 0.3


a += b: 	2.02 +/- 0.223607


a -= b: 	-0.4 +/- 0.223607


a *= b: 	0.9801 +/- 0.2022


a /= b: 	0.669421 +/- 0.138106


a += 2.: 	2.81 +/- 0.1


a -= 2.: 	-1.19 +/- 0.1


a *= 2.: 	1.62 +/- 0.2


a /= 2.: 	0.405 +/- 0.05


a + b: 	2.02 +/- 0.223607


a - b: 	-0.4 +/- 0.223607


a * b: 	0.9801 +/- 0.2022


a / b: 	0.669421 +/- 0.138106


a + 2.: 	2.81 +/- 0.1


a - 2.: 	-1.19 +/- 0.1


a * 2.: 	1.62 +/- 0.2


a / 2.: 	0.405 +/- 0.05


2 + a: 	2.81 +/- 0.1


2 - a: 	1.19 +/- 0.1


2 * a: 	1.62 +/- 0.2


2 / a: 	2.46914 +/- 0.304832


a^(2.71): 	0.56493 +/- 0.189007


sq(a): 	0.6561 +/- 0.162


cb(a): 	0.531441 +/- 0.19683


sqrt(a): 	0.9 +/- 0.0555556


cbrt(a): 	0.93217 +/- 0.0383609


exp(a): 	2.24791 +/- 0.224791


log(a): 	-0.210721 +/- 0.123457


sin(a): 	0.724287 +/- 0.0689498


cos(a): 	0.689498 +/- 0.0724287


tan(a): 	1.05046 +/- 0.210346


asin(a): 	0.944152 +/- 0.170523


acos(a): 	0.626644 +/- 0.170523


atan(a): 	0.680809 +/- 0.0603828


sinh(a): 	0.901525 +/- 0.134638


cosh(a): 	1.34638 +/- 0.0901525


tanh(a): 	0.66959 +/- 0.0551649


A: 
Entry[0]: 0.81 +/- 0.1
Entry[1]: 0.81 +/- 0.1
Entry[2]: 0.81 +/- 0.1
Entry[3]: 0.81 +/- 0.1
Entry[4]: 0.81 +/- 0.1
Entry[5]: 0.81 +/- 0.1
Entry[6]: 0.81 +/- 0.1
Entry[7]: 0.81 +/- 0.1
Entry[8]: 0.81 +/- 0.1
Entry[9]: 0.81 +/- 0.1


B: 
Entry[0]: 1.21 +/- 0.2
Entry[1]: 1.21 +/- 0.2
Entry[2]: 1.21 +/- 0.2
Entry[3]: 1.21 +/- 0.2
Entry[4]: 1.21 +/- 0.2
Entry[5]: 1.21 +/- 0.2
Entry[6]: 1.21 +/- 0.2
Entry[7]: 1.21 +/- 0.2
Entry[8]: 1.21 +/- 0.2
Entry[9]: 1.21 +/- 0.2


C: 
Entry[0]: -4.5 +/- 0.3
Entry[1]: -4.5 +/- 0.3
Entry[2]: -4.5 +/- 0.3
Entry[3]: -4.5 +/- 0.3
Entry[4]: -4.5 +/- 0.3
Entry[5]: -4.5 +/- 0.3
Entry[6]: -4.5 +/- 0.3
Entry[7]: -4.5 +/- 0.3
Entry[8]: -4.5 +/- 0.3
Entry[9]: -4.5 +/- 0.3


vec(2): 
2
2
2
2
2
2
2
2
2
2

 +A: 
Entry[0]: 0.81 +/- 0.1
Entry[1]: 0.81 +/- 0.1
Entry[2]: 0.81 +/- 0.1
Entry[3]: 0.81 +/- 0.1
Entry[4]: 0.81 +/- 0.1
Entry[5]: 0.81 +/- 0.1
Entry[6]: 0.81 +/- 0.1
Entry[7]: 0.81 +/- 0.1
Entry[8]: 0.81 +/- 0.1
Entry[9]: 0.81 +/- 0.1


 -A: 
Entry[0]: 0.81 +/- 0.1
Entry[1]: 0.81 +/- 0.1
Entry[2]: 0.81 +/- 0.1
Entry[3]: 0.81 +/- 0.1
Entry[4]: 0.81 +/- 0.1
Entry[5]: 0.81 +/- 0.1
Entry[6]: 0.81 +/- 0.1
Entry[7]: 0.81 +/- 0.1
Entry[8]: 0.81 +/- 0.1
Entry[9]: 0.81 +/- 0.1


 abs(C): 
Entry[0]: 4.5 +/- 0.3
Entry[1]: 4.5 +/- 0.3
Entry[2]: 4.5 +/- 0.3
Entry[3]: 4.5 +/- 0.3
Entry[4]: 4.5 +/- 0.3
Entry[5]: 4.5 +/- 0.3
Entry[6]: 4.5 +/- 0.3
Entry[7]: 4.5 +/- 0.3
Entry[8]: 4.5 +/- 0.3
Entry[9]: 4.5 +/- 0.3


A += B: 
Entry[0]: 2.02 +/- 0.223607
Entry[1]: 2.02 +/- 0.223607
Entry[2]: 2.02 +/- 0.223607
Entry[3]: 2.02 +/- 0.223607
Entry[4]: 2.02 +/- 0.223607
Entry[5]: 2.02 +/- 0.223607
Entry[6]: 2.02 +/- 0.223607
Entry[7]: 2.02 +/- 0.223607
Entry[8]: 2.02 +/- 0.223607
Entry[9]: 2.02 +/- 0.223607


A -= B: 
Entry[0]: -0.4 +/- 0.223607
Entry[1]: -0.4 +/- 0.223607
Entry[2]: -0.4 +/- 0.223607
Entry[3]: -0.4 +/- 0.223607
Entry[4]: -0.4 +/- 0.223607
Entry[5]: -0.4 +/- 0.223607
Entry[6]: -0.4 +/- 0.223607
Entry[7]: -0.4 +/- 0.223607
Entry[8]: -0.4 +/- 0.223607
Entry[9]: -0.4 +/- 0.223607


A *= B: 
Entry[0]: 0.9801 +/- 0.2022
Entry[1]: 0.9801 +/- 0.2022
Entry[2]: 0.9801 +/- 0.2022
Entry[3]: 0.9801 +/- 0.2022
Entry[4]: 0.9801 +/- 0.2022
Entry[5]: 0.9801 +/- 0.2022
Entry[6]: 0.9801 +/- 0.2022
Entry[7]: 0.9801 +/- 0.2022
Entry[8]: 0.9801 +/- 0.2022
Entry[9]: 0.9801 +/- 0.2022


A /= B: 
Entry[0]: 0.669421 +/- 0.138106
Entry[1]: 0.669421 +/- 0.138106
Entry[2]: 0.669421 +/- 0.138106
Entry[3]: 0.669421 +/- 0.138106
Entry[4]: 0.669421 +/- 0.138106
Entry[5]: 0.669421 +/- 0.138106
Entry[6]: 0.669421 +/- 0.138106
Entry[7]: 0.669421 +/- 0.138106
Entry[8]: 0.669421 +/- 0.138106
Entry[9]: 0.669421 +/- 0.138106


vecA += vec(2.): 
Entry[0]: 2.81 +/- 0.1
Entry[1]: 2.81 +/- 0.1
Entry[2]: 2.81 +/- 0.1
Entry[3]: 2.81 +/- 0.1
Entry[4]: 2.81 +/- 0.1
Entry[5]: 2.81 +/- 0.1
Entry[6]: 2.81 +/- 0.1
Entry[7]: 2.81 +/- 0.1
Entry[8]: 2.81 +/- 0.1
Entry[9]: 2.81 +/- 0.1


vecA -= vec(2.): 
Entry[0]: -1.19 +/- 0.1
Entry[1]: -1.19 +/- 0.1
Entry[2]: -1.19 +/- 0.1
Entry[3]: -1.19 +/- 0.1
Entry[4]: -1.19 +/- 0.1
Entry[5]: -1.19 +/- 0.1
Entry[6]: -1.19 +/- 0.1
Entry[7]: -1.19 +/- 0.1
Entry[8]: -1.19 +/- 0.1
Entry[9]: -1.19 +/- 0.1


vecA *= vec(2.): 
Entry[0]: 1.62 +/- 0.2
Entry[1]: 1.62 +/- 0.2
Entry[2]: 1.62 +/- 0.2
Entry[3]: 1.62 +/- 0.2
Entry[4]: 1.62 +/- 0.2
Entry[5]: 1.62 +/- 0.2
Entry[6]: 1.62 +/- 0.2
Entry[7]: 1.62 +/- 0.2
Entry[8]: 1.62 +/- 0.2
Entry[9]: 1.62 +/- 0.2


vecA /= vec(2.): 
Entry[0]: 0.405 +/- 0.05
Entry[1]: 0.405 +/- 0.05
Entry[2]: 0.405 +/- 0.05
Entry[3]: 0.405 +/- 0.05
Entry[4]: 0.405 +/- 0.05
Entry[5]: 0.405 +/- 0.05
Entry[6]: 0.405 +/- 0.05
Entry[7]: 0.405 +/- 0.05
Entry[8]: 0.405 +/- 0.05
Entry[9]: 0.405 +/- 0.05


A + B: 
Entry[0]: 2.02 +/- 0.223607
Entry[1]: 2.02 +/- 0.223607
Entry[2]: 2.02 +/- 0.223607
Entry[3]: 2.02 +/- 0.223607
Entry[4]: 2.02 +/- 0.223607
Entry[5]: 2.02 +/- 0.223607
Entry[6]: 2.02 +/- 0.223607
Entry[7]: 2.02 +/- 0.223607
Entry[8]: 2.02 +/- 0.223607
Entry[9]: 2.02 +/- 0.223607


A - B: 
Entry[0]: -0.4 +/- 0.223607
Entry[1]: -0.4 +/- 0.223607
Entry[2]: -0.4 +/- 0.223607
Entry[3]: -0.4 +/- 0.223607
Entry[4]: -0.4 +/- 0.223607
Entry[5]: -0.4 +/- 0.223607
Entry[6]: -0.4 +/- 0.223607
Entry[7]: -0.4 +/- 0.223607
Entry[8]: -0.4 +/- 0.223607
Entry[9]: -0.4 +/- 0.223607


A * B: 
Entry[0]: 0.9801 +/- 0.2022
Entry[1]: 0.9801 +/- 0.2022
Entry[2]: 0.9801 +/- 0.2022
Entry[3]: 0.9801 +/- 0.2022
Entry[4]: 0.9801 +/- 0.2022
Entry[5]: 0.9801 +/- 0.2022
Entry[6]: 0.9801 +/- 0.2022
Entry[7]: 0.9801 +/- 0.2022
Entry[8]: 0.9801 +/- 0.2022
Entry[9]: 0.9801 +/- 0.2022


A / B: 
Entry[0]: 0.669421 +/- 0.138106
Entry[1]: 0.669421 +/- 0.138106
Entry[2]: 0.669421 +/- 0.138106
Entry[3]: 0.669421 +/- 0.138106
Entry[4]: 0.669421 +/- 0.138106
Entry[5]: 0.669421 +/- 0.138106
Entry[6]: 0.669421 +/- 0.138106
Entry[7]: 0.669421 +/- 0.138106
Entry[8]: 0.669421 +/- 0.138106
Entry[9]: 0.669421 +/- 0.138106


A + vec(2.): 
Entry[0]: 2.81 +/- 0.1
Entry[1]: 2.81 +/- 0.1
Entry[2]: 2.81 +/- 0.1
Entry[3]: 2.81 +/- 0.1
Entry[4]: 2.81 +/- 0.1
Entry[5]: 2.81 +/- 0.1
Entry[6]: 2.81 +/- 0.1
Entry[7]: 2.81 +/- 0.1
Entry[8]: 2.81 +/- 0.1
Entry[9]: 2.81 +/- 0.1


A - vec(2.): 
Entry[0]: -1.19 +/- 0.1
Entry[1]: -1.19 +/- 0.1
Entry[2]: -1.19 +/- 0.1
Entry[3]: -1.19 +/- 0.1
Entry[4]: -1.19 +/- 0.1
Entry[5]: -1.19 +/- 0.1
Entry[6]: -1.19 +/- 0.1
Entry[7]: -1.19 +/- 0.1
Entry[8]: -1.19 +/- 0.1
Entry[9]: -1.19 +/- 0.1


A * vec(2.): 
Entry[0]: 1.62 +/- 0.2
Entry[1]: 1.62 +/- 0.2
Entry[2]: 1.62 +/- 0.2
Entry[3]: 1.62 +/- 0.2
Entry[4]: 1.62 +/- 0.2
Entry[5]: 1.62 +/- 0.2
Entry[6]: 1.62 +/- 0.2
Entry[7]: 1.62 +/- 0.2
Entry[8]: 1.62 +/- 0.2
Entry[9]: 1.62 +/- 0.2


A / vec(2.): 
Entry[0]: 0.405 +/- 0.05
Entry[1]: 0.405 +/- 0.05
Entry[2]: 0.405 +/- 0.05
Entry[3]: 0.405 +/- 0.05
Entry[4]: 0.405 +/- 0.05
Entry[5]: 0.405 +/- 0.05
Entry[6]: 0.405 +/- 0.05
Entry[7]: 0.405 +/- 0.05
Entry[8]: 0.405 +/- 0.05
Entry[9]: 0.405 +/- 0.05


vec(2.) + A: 
Entry[0]: 2.81 +/- 0.1
Entry[1]: 2.81 +/- 0.1
Entry[2]: 2.81 +/- 0.1
Entry[3]: 2.81 +/- 0.1
Entry[4]: 2.81 +/- 0.1
Entry[5]: 2.81 +/- 0.1
Entry[6]: 2.81 +/- 0.1
Entry[7]: 2.81 +/- 0.1
Entry[8]: 2.81 +/- 0.1
Entry[9]: 2.81 +/- 0.1


vec(2.) - A: 
Entry[0]: 1.19 +/- 0.1
Entry[1]: 1.19 +/- 0.1
Entry[2]: 1.19 +/- 0.1
Entry[3]: 1.19 +/- 0.1
Entry[4]: 1.19 +/- 0.1
Entry[5]: 1.19 +/- 0.1
Entry[6]: 1.19 +/- 0.1
Entry[7]: 1.19 +/- 0.1
Entry[8]: 1.19 +/- 0.1
Entry[9]: 1.19 +/- 0.1


vec(2.) * A: 
Entry[0]: 1.62 +/- 0.2
Entry[1]: 1.62 +/- 0.2
Entry[2]: 1.62 +/- 0.2
Entry[3]: 1.62 +/- 0.2
Entry[4]: 1.62 +/- 0.2
Entry[5]: 1.62 +/- 0.2
Entry[6]: 1.62 +/- 0.2
Entry[7]: 1.62 +/- 0.2
Entry[8]: 1.62 +/- 0.2
Entry[9]: 1.62 +/- 0.2


vec(2.) / A: 
Entry[0]: 2.46914 +/- 0.304832
Entry[1]: 2.46914 +/- 0.304832
Entry[2]: 2.46914 +/- 0.304832
Entry[3]: 2.46914 +/- 0.304832
Entry[4]: 2.46914 +/- 0.304832
Entry[5]: 2.46914 +/- 0.304832
Entry[6]: 2.46914 +/- 0.304832
Entry[7]: 2.46914 +/- 0.304832
Entry[8]: 2.46914 +/- 0.304832
Entry[9]: 2.46914 +/- 0.304832


A + 2.: 
Entry[0]: 2.81 +/- 0.1
Entry[1]: 2.81 +/- 0.1
Entry[2]: 2.81 +/- 0.1
Entry[3]: 2.81 +/- 0.1
Entry[4]: 2.81 +/- 0.1
Entry[5]: 2.81 +/- 0.1
Entry[6]: 2.81 +/- 0.1
Entry[7]: 2.81 +/- 0.1
Entry[8]: 2.81 +/- 0.1
Entry[9]: 2.81 +/- 0.1


A - 2.: 
Entry[0]: -1.19 +/- 0.1
Entry[1]: -1.19 +/- 0.1
Entry[2]: -1.19 +/- 0.1
Entry[3]: -1.19 +/- 0.1
Entry[4]: -1.19 +/- 0.1
Entry[5]: -1.19 +/- 0.1
Entry[6]: -1.19 +/- 0.1
Entry[7]: -1.19 +/- 0.1
Entry[8]: -1.19 +/- 0.1
Entry[9]: -1.19 +/- 0.1


A * 2.: 
Entry[0]: 1.62 +/- 0.2
Entry[1]: 1.62 +/- 0.2
Entry[2]: 1.62 +/- 0.2
Entry[3]: 1.62 +/- 0.2
Entry[4]: 1.62 +/- 0.2
Entry[5]: 1.62 +/- 0.2
Entry[6]: 1.62 +/- 0.2
Entry[7]: 1.62 +/- 0.2
Entry[8]: 1.62 +/- 0.2
Entry[9]: 1.62 +/- 0.2


A / 2.: 
Entry[0]: 0.405 +/- 0.05
Entry[1]: 0.405 +/- 0.05
Entry[2]: 0.405 +/- 0.05
Entry[3]: 0.405 +/- 0.05
Entry[4]: 0.405 +/- 0.05
Entry[5]: 0.405 +/- 0.05
Entry[6]: 0.405 +/- 0.05
Entry[7]: 0.405 +/- 0.05
Entry[8]: 0.405 +/- 0.05
Entry[9]: 0.405 +/- 0.05


2. + A: 
Entry[0]: 2.81 +/- 0.1
Entry[1]: 2.81 +/- 0.1
Entry[2]: 2.81 +/- 0.1
Entry[3]: 2.81 +/- 0.1
Entry[4]: 2.81 +/- 0.1
Entry[5]: 2.81 +/- 0.1
Entry[6]: 2.81 +/- 0.1
Entry[7]: 2.81 +/- 0.1
Entry[8]: 2.81 +/- 0.1
Entry[9]: 2.81 +/- 0.1


2. - A: 
Entry[0]: 1.19 +/- 0.1
Entry[1]: 1.19 +/- 0.1
Entry[2]: 1.19 +/- 0.1
Entry[3]: 1.19 +/- 0.1
Entry[4]: 1.19 +/- 0.1
Entry[5]: 1.19 +/- 0.1
Entry[6]: 1.19 +/- 0.1
Entry[7]: 1.19 +/- 0.1
Entry[8]: 1.19 +/- 0.1
Entry[9]: 1.19 +/- 0.1


2. * A: 
Entry[0]: 1.62 +/- 0.2
Entry[1]: 1.62 +/- 0.2
Entry[2]: 1.62 +/- 0.2
Entry[3]: 1.62 +/- 0.2
Entry[4]: 1.62 +/- 0.2
Entry[5]: 1.62 +/- 0.2
Entry[6]: 1.62 +/- 0.2
Entry[7]: 1.62 +/- 0.2
Entry[8]: 1.62 +/- 0.2
Entry[9]: 1.62 +/- 0.2


2. / A: 
Entry[0]: 2.46914 +/- 0.304832
Entry[1]: 2.46914 +/- 0.304832
Entry[2]: 2.46914 +/- 0.304832
Entry[3]: 2.46914 +/- 0.304832
Entry[4]: 2.46914 +/- 0.304832
Entry[5]: 2.46914 +/- 0.304832
Entry[6]: 2.46914 +/- 0.304832
Entry[7]: 2.46914 +/- 0.304832
Entry[8]: 2.46914 +/- 0.304832
Entry[9]: 2.46914 +/- 0.304832


A^(2.71): 
Entry[0]: 0.56493 +/- 0.189007
Entry[1]: 0.56493 +/- 0.189007
Entry[2]: 0.56493 +/- 0.189007
Entry[3]: 0.56493 +/- 0.189007
Entry[4]: 0.56493 +/- 0.189007
Entry[5]: 0.56493 +/- 0.189007
Entry[6]: 0.56493 +/- 0.189007
Entry[7]: 0.56493 +/- 0.189007
Entry[8]: 0.56493 +/- 0.189007
Entry[9]: 0.56493 +/- 0.189007


sq(A): 	Entry[0]: 0.6561 +/- 0.162
Entry[1]: 0.6561 +/- 0.162
Entry[2]: 0.6561 +/- 0.162
Entry[3]: 0.6561 +/- 0.162
Entry[4]: 0.6561 +/- 0.162
Entry[5]: 0.6561 +/- 0.162
Entry[6]: 0.6561 +/- 0.162
Entry[7]: 0.6561 +/- 0.162
Entry[8]: 0.6561 +/- 0.162
Entry[9]: 0.6561 +/- 0.162


cb(A): 	Entry[0]: 0.531441 +/- 0.19683
Entry[1]: 0.531441 +/- 0.19683
Entry[2]: 0.531441 +/- 0.19683
Entry[3]: 0.531441 +/- 0.19683
Entry[4]: 0.531441 +/- 0.19683
Entry[5]: 0.531441 +/- 0.19683
Entry[6]: 0.531441 +/- 0.19683
Entry[7]: 0.531441 +/- 0.19683
Entry[8]: 0.531441 +/- 0.19683
Entry[9]: 0.531441 +/- 0.19683


sqrt(A): 	Entry[0]: 0.9 +/- 0.0555556
Entry[1]: 0.9 +/- 0.0555556
Entry[2]: 0.9 +/- 0.0555556
Entry[3]: 0.9 +/- 0.0555556
Entry[4]: 0.9 +/- 0.0555556
Entry[5]: 0.9 +/- 0.0555556
Entry[6]: 0.9 +/- 0.0555556
Entry[7]: 0.9 +/- 0.0555556
Entry[8]: 0.9 +/- 0.0555556
Entry[9]: 0.9 +/- 0.0555556


cbrt(A): 	Entry[0]: 0.93217 +/- 0.0383609
Entry[1]: 0.93217 +/- 0.0383609
Entry[2]: 0.93217 +/- 0.0383609
Entry[3]: 0.93217 +/- 0.0383609
Entry[4]: 0.93217 +/- 0.0383609
Entry[5]: 0.93217 +/- 0.0383609
Entry[6]: 0.93217 +/- 0.0383609
Entry[7]: 0.93217 +/- 0.0383609
Entry[8]: 0.93217 +/- 0.0383609
Entry[9]: 0.93217 +/- 0.0383609


exp(A): 	Entry[0]: 2.24791 +/- 0.224791
Entry[1]: 2.24791 +/- 0.224791
Entry[2]: 2.24791 +/- 0.224791
Entry[3]: 2.24791 +/- 0.224791
Entry[4]: 2.24791 +/- 0.224791
Entry[5]: 2.24791 +/- 0.224791
Entry[6]: 2.24791 +/- 0.224791
Entry[7]: 2.24791 +/- 0.224791
Entry[8]: 2.24791 +/- 0.224791
Entry[9]: 2.24791 +/- 0.224791


log(A): 	Entry[0]: -0.210721 +/- 0.123457
Entry[1]: -0.210721 +/- 0.123457
Entry[2]: -0.210721 +/- 0.123457
Entry[3]: -0.210721 +/- 0.123457
Entry[4]: -0.210721 +/- 0.123457
Entry[5]: -0.210721 +/- 0.123457
Entry[6]: -0.210721 +/- 0.123457
Entry[7]: -0.210721 +/- 0.123457
Entry[8]: -0.210721 +/- 0.123457
Entry[9]: -0.210721 +/- 0.123457


sin(A): 	Entry[0]: 0.724287 +/- 0.0689498
Entry[1]: 0.724287 +/- 0.0689498
Entry[2]: 0.724287 +/- 0.0689498
Entry[3]: 0.724287 +/- 0.0689498
Entry[4]: 0.724287 +/- 0.0689498
Entry[5]: 0.724287 +/- 0.0689498
Entry[6]: 0.724287 +/- 0.0689498
Entry[7]: 0.724287 +/- 0.0689498
Entry[8]: 0.724287 +/- 0.0689498
Entry[9]: 0.724287 +/- 0.0689498


cos(A): 	Entry[0]: 0.689498 +/- 0.0724287
Entry[1]: 0.689498 +/- 0.0724287
Entry[2]: 0.689498 +/- 0.0724287
Entry[3]: 0.689498 +/- 0.0724287
Entry[4]: 0.689498 +/- 0.0724287
Entry[5]: 0.689498 +/- 0.0724287
Entry[6]: 0.689498 +/- 0.0724287
Entry[7]: 0.689498 +/- 0.0724287
Entry[8]: 0.689498 +/- 0.0724287
Entry[9]: 0.689498 +/- 0.0724287


tan(A): 	Entry[0]: 1.05046 +/- 0.210346
Entry[1]: 1.05046 +/- 0.210346
Entry[2]: 1.05046 +/- 0.210346
Entry[3]: 1.05046 +/- 0.210346
Entry[4]: 1.05046 +/- 0.210346
Entry[5]: 1.05046 +/- 0.210346
Entry[6]: 1.05046 +/- 0.210346
Entry[7]: 1.05046 +/- 0.210346
Entry[8]: 1.05046 +/- 0.210346
Entry[9]: 1.05046 +/- 0.210346


asin(A): 	Entry[0]: 0.944152 +/- 0.170523
Entry[1]: 0.944152 +/- 0.170523
Entry[2]: 0.944152 +/- 0.170523
Entry[3]: 0.944152 +/- 0.170523
Entry[4]: 0.944152 +/- 0.170523
Entry[5]: 0.944152 +/- 0.170523
Entry[6]: 0.944152 +/- 0.170523
Entry[7]: 0.944152 +/- 0.170523
Entry[8]: 0.944152 +/- 0.170523
Entry[9]: 0.944152 +/- 0.170523


acos(A): 	Entry[0]: 0.626644 +/- 0.170523
Entry[1]: 0.626644 +/- 0.170523
Entry[2]: 0.626644 +/- 0.170523
Entry[3]: 0.626644 +/- 0.170523
Entry[4]: 0.626644 +/- 0.170523
Entry[5]: 0.626644 +/- 0.170523
Entry[6]: 0.626644 +/- 0.170523
Entry[7]: 0.626644 +/- 0.170523
Entry[8]: 0.626644 +/- 0.170523
Entry[9]: 0.626644 +/- 0.170523


atan(A): 	Entry[0]: 0.680809 +/- 0.0603828
Entry[1]: 0.680809 +/- 0.0603828
Entry[2]: 0.680809 +/- 0.0603828
Entry[3]: 0.680809 +/- 0.0603828
Entry[4]: 0.680809 +/- 0.0603828
Entry[5]: 0.680809 +/- 0.0603828
Entry[6]: 0.680809 +/- 0.0603828
Entry[7]: 0.680809 +/- 0.0603828
Entry[8]: 0.680809 +/- 0.0603828
Entry[9]: 0.680809 +/- 0.0603828


sinh(A): 	Entry[0]: 0.901525 +/- 0.134638
Entry[1]: 0.901525 +/- 0.134638
Entry[2]: 0.901525 +/- 0.134638
Entry[3]: 0.901525 +/- 0.134638
Entry[4]: 0.901525 +/- 0.134638
Entry[5]: 0.901525 +/- 0.134638
Entry[6]: 0.901525 +/- 0.134638
Entry[7]: 0.901525 +/- 0.134638
Entry[8]: 0.901525 +/- 0.134638
Entry[9]: 0.901525 +/- 0.134638


cosh(A): 	Entry[0]: 1.34638 +/- 0.0901525
Entry[1]: 1.34638 +/- 0.0901525
Entry[2]: 1.34638 +/- 0.0901525
Entry[3]: 1.34638 +/- 0.0901525
Entry[4]: 1.34638 +/- 0.0901525
Entry[5]: 1.34638 +/- 0.0901525
Entry[6]: 1.34638 +/- 0.0901525
Entry[7]: 1.34638 +/- 0.0901525
Entry[8]: 1.34638 +/- 0.0901525
Entry[9]: 1.34638 +/- 0.0901525


tanh(A): 	Entry[0]: 0.66959 +/- 0.0551649
Entry[1]: 0.66959 +/- 0.0551649
Entry[2]: 0.66959 +/- 0.0551649
Entry[3]: 0.66959 +/- 0.0551649
Entry[4]: 0.66959 +/- 0.0551649
Entry[5]: 0.66959 +/- 0.0551649
Entry[6]: 0.66959 +/- 0.0551649
Entry[7]: 0.66959 +/- 0.0551649
Entry[8]: 0.66959 +/- 0.0551649
Entry[9]: 0.66959 +/- 0.0551649

