<AVERAGES>
  <SCALAR_AVERAGE name="observable a">
    <COUNT>10000</COUNT>
    <MEAN method="simple">0.4994786087170967</MEAN>
    <ERROR method="binning">0.00275</ERROR>
    <VARIANCE method="simple">0.0844</VARIANCE>
    <AUTOCORR method="binning">-0.0521</AUTOCORR>
    <BINNED><COUNT>10000</COUNT><MEAN method="simple">0.49947861</MEAN><ERROR method="simple">0.0029</ERROR></BINNED>
    <BINNED><COUNT>5000</COUNT><MEAN method="simple">0.49947861</MEAN><ERROR method="simple">0.00291</ERROR></BINNED>
    <BINNED><COUNT>2500</COUNT><MEAN method="simple">0.49947861</MEAN><ERROR method="simple">0.00288</ERROR></BINNED>
    <BINNED><COUNT>1250</COUNT><MEAN method="simple">0.49947861</MEAN><ERROR method="simple">0.00286</ERROR></BINNED>
    <BINNED><COUNT>625</COUNT><MEAN method="simple">0.49947861</MEAN><ERROR method="simple">0.00277</ERROR></BINNED>
    <BINNED><COUNT>312</COUNT><MEAN method="simple">0.49936786</MEAN><ERROR method="simple">0.00279</ERROR></BINNED>
    <BINNED><COUNT>156</COUNT><MEAN method="simple">0.49936786</MEAN><ERROR method="simple">0.00283</ERROR></BINNED>
    <BINNED><COUNT>78</COUNT><MEAN method="simple">0.49936786</MEAN><ERROR method="simple">0.00267</ERROR></BINNED>
    <BINNED><COUNT>39</COUNT><MEAN method="simple">0.49936786</MEAN><ERROR method="simple">0.00275</ERROR></BINNED>
  </SCALAR_AVERAGE>
  <SCALAR_AVERAGE name="observable b">
    <COUNT>10000</COUNT>
    <MEAN method="simple">1.499680625290545</MEAN>
    <ERROR method="binning">0.00275</ERROR>
    <VARIANCE method="simple">0.0833</VARIANCE>
    <AUTOCORR method="binning">-0.0451</AUTOCORR>
    <BINNED><COUNT>10000</COUNT><MEAN method="simple">1.4996806</MEAN><ERROR method="simple">0.00289</ERROR></BINNED>
    <BINNED><COUNT>5000</COUNT><MEAN method="simple">1.4996806</MEAN><ERROR method="simple">0.00288</ERROR></BINNED>
    <BINNED><COUNT>2500</COUNT><MEAN method="simple">1.4996806</MEAN><ERROR method="simple">0.00288</ERROR></BINNED>
    <BINNED><COUNT>1250</COUNT><MEAN method="simple">1.4996806</MEAN><ERROR method="simple">0.00286</ERROR></BINNED>
    <BINNED><COUNT>625</COUNT><MEAN method="simple">1.4996806</MEAN><ERROR method="simple">0.00276</ERROR></BINNED>
    <BINNED><COUNT>312</COUNT><MEAN method="simple">1.4995519</MEAN><ERROR method="simple">0.00285</ERROR></BINNED>
    <BINNED><COUNT>156</COUNT><MEAN method="simple">1.4995519</MEAN><ERROR method="simple">0.00275</ERROR></BINNED>
    <BINNED><COUNT>78</COUNT><MEAN method="simple">1.4995519</MEAN><ERROR method="simple">0.00264</ERROR></BINNED>
    <BINNED><COUNT>39</COUNT><MEAN method="simple">1.4995519</MEAN><ERROR method="simple">0.00275</ERROR></BINNED>
  </SCALAR_AVERAGE>
</AVERAGES>
