<AVERAGES>
  <SCALAR_AVERAGE name="a/b">
    <COUNT>9984</COUNT>
    <MEAN method="jackknife">0.33867</MEAN>
    <ERROR method="jackknife">0.00978</ERROR>
  </SCALAR_AVERAGE>
  <SCALAR_AVERAGE name="observable a" signed="true">
    <COUNT>10000</COUNT>
    <MEAN>0.49931</MEAN>
    <ERROR>0.0142</ERROR>
    <SIGN signed_observable="Sign * observable a" sign="sign"/>
  </SCALAR_AVERAGE>
  <SCALAR_AVERAGE name="Sign * observable a">
    <COUNT>10000</COUNT>
    <MEAN method="simple">0.09565</MEAN>
    <ERROR method="binning">0.0056</ERROR>
    <VARIANCE method="simple">0.324</VARIANCE>
    <AUTOCORR method="binning">-0.0155</AUTOCORR>
    <BINNED size="1"><COUNT>10000</COUNT><MEAN method="simple">0.09565</MEAN><ERROR method="simple">0.00569</ERROR></BINNED>
    <BINNED size="2"><COUNT>5000</COUNT><MEAN method="simple">0.09565</MEAN><ERROR method="simple">0.00571</ERROR></BINNED>
    <BINNED size="4"><COUNT>2500</COUNT><MEAN method="simple">0.09565</MEAN><ERROR method="simple">0.0057</ERROR></BINNED>
    <BINNED size="8"><COUNT>1250</COUNT><MEAN method="simple">0.09565</MEAN><ERROR method="simple">0.00579</ERROR></BINNED>
    <BINNED size="16"><COUNT>625</COUNT><MEAN method="simple">0.09565</MEAN><ERROR method="simple">0.00575</ERROR></BINNED>
    <BINNED size="32"><COUNT>312</COUNT><MEAN method="simple">0.09582</MEAN><ERROR method="simple">0.00564</ERROR></BINNED>
    <BINNED size="64"><COUNT>156</COUNT><MEAN method="simple">0.09582</MEAN><ERROR method="simple">0.0056</ERROR></BINNED>
  </SCALAR_AVERAGE>
  <SCALAR_AVERAGE name="observable b" signed="true">
    <COUNT>10000</COUNT>
    <MEAN>1.47424</MEAN>
    <ERROR>0.0138</ERROR>
    <SIGN signed_observable="Sign * observable b" sign="sign"/>
  </SCALAR_AVERAGE>
  <SCALAR_AVERAGE name="Sign * observable b">
    <COUNT>10000</COUNT>
    <MEAN method="simple">0.28227</MEAN>
    <ERROR method="binning">0.0154</ERROR>
    <VARIANCE method="simple">2.27</VARIANCE>
    <AUTOCORR method="binning">0.0225</AUTOCORR>
    <BINNED size="1"><COUNT>10000</COUNT><MEAN method="simple">0.28227</MEAN><ERROR method="simple">0.0151</ERROR></BINNED>
    <BINNED size="2"><COUNT>5000</COUNT><MEAN method="simple">0.28227</MEAN><ERROR method="simple">0.015</ERROR></BINNED>
    <BINNED size="4"><COUNT>2500</COUNT><MEAN method="simple">0.28227</MEAN><ERROR method="simple">0.0149</ERROR></BINNED>
    <BINNED size="8"><COUNT>1250</COUNT><MEAN method="simple">0.28227</MEAN><ERROR method="simple">0.015</ERROR></BINNED>
    <BINNED size="16"><COUNT>625</COUNT><MEAN method="simple">0.28227</MEAN><ERROR method="simple">0.0149</ERROR></BINNED>
    <BINNED size="32"><COUNT>312</COUNT><MEAN method="simple">0.2829</MEAN><ERROR method="simple">0.015</ERROR></BINNED>
    <BINNED size="64"><COUNT>156</COUNT><MEAN method="simple">0.2829</MEAN><ERROR method="simple">0.0154</ERROR></BINNED>
  </SCALAR_AVERAGE>
  <SCALAR_AVERAGE name="sign">
    <COUNT>10000</COUNT>
    <MEAN method="simple">0.1916</MEAN>
    <ERROR method="binning">0.0102</ERROR>
    <VARIANCE method="simple">0.963</VARIANCE>
    <AUTOCORR method="binning">0.0397</AUTOCORR>
    <BINNED size="1"><COUNT>10000</COUNT><MEAN method="simple">0.1916</MEAN><ERROR method="simple">0.00982</ERROR></BINNED>
    <BINNED size="2"><COUNT>5000</COUNT><MEAN method="simple">0.1916</MEAN><ERROR method="simple">0.00978</ERROR></BINNED>
    <BINNED size="4"><COUNT>2500</COUNT><MEAN method="simple">0.1916</MEAN><ERROR method="simple">0.00979</ERROR></BINNED>
    <BINNED size="8"><COUNT>1250</COUNT><MEAN method="simple">0.1916</MEAN><ERROR method="simple">0.0098</ERROR></BINNED>
    <BINNED size="16"><COUNT>625</COUNT><MEAN method="simple">0.1916</MEAN><ERROR method="simple">0.00976</ERROR></BINNED>
    <BINNED size="32"><COUNT>312</COUNT><MEAN method="simple">0.19191</MEAN><ERROR method="simple">0.00979</ERROR></BINNED>
    <BINNED size="64"><COUNT>156</COUNT><MEAN method="simple">0.19191</MEAN><ERROR method="simple">0.0102</ERROR></BINNED>
  </SCALAR_AVERAGE>
</AVERAGES>
