observable a: 0.497211 +/- 0.00507561; tau = 0.122133
    bin #1   : 4096     entries: error = 0.00455021
    bin #2   : 2048     entries: error = 0.00455922
    bin #3   : 1024     entries: error = 0.00457997
    bin #4   : 512      entries: error = 0.00463017
    bin #5   : 256      entries: error = 0.00479441
    bin #6   : 128      entries: error = 0.00484938
    bin #7   : 64       entries: error = 0.00460283
    bin #8   : 32       entries: error = 0.00507561
observable b: 1.50455 +/- 0.00565621; tau = 0.294304
    bin #1   : 4096     entries: error = 0.00448764
    bin #2   : 2048     entries: error = 0.00457509
    bin #3   : 1024     entries: error = 0.00454425
    bin #4   : 512      entries: error = 0.00455364
    bin #5   : 256      entries: error = 0.00459102
    bin #6   : 128      entries: error = 0.00470255
    bin #7   : 64       entries: error = 0.0050157
    bin #8   : 32       entries: error = 0.00565621
observable c: 1.49876 +/- 0.00254103; tau = -0.0241204
    bin #1   : 12288    entries: error = 0.00260463
    bin #2   : 6144     entries: error = 0.00261035
    bin #3   : 3072     entries: error = 0.00263224
    bin #4   : 1536     entries: error = 0.00257175
    bin #5   : 768      entries: error = 0.00260109
    bin #6   : 384      entries: error = 0.00263753
    bin #7   : 192      entries: error = 0.00255591
    bin #8   : 96       entries: error = 0.00270211
    bin #9   : 48       entries: error = 0.00254103
Jackknife analysis
observable a: 0.497211 +/- 0.00484879; tau = 0.0679088
  count = 4096, bin size = 32, number of bins = 128
observable b: 1.50455 +/- 0.00470197; tau = 0.0490359
  count = 4096, bin size = 32, number of bins = 128
observable c: 1.49876 +/- 0.002702; tau = 0.0381258
  count = 12288, bin size = 128, number of bins = 96
five different methods to construct RealObsevaluator
  (observable b) / (observable a): 3.02568 +/- 0.0309813
  (observable b) / (observable a): 3.02568 +/- 0.0309813
  obseval_e: 3.02568 +/- 0.0309813
  obseval_f: 3.02568 +/- 0.0309813
  obseval_g: 3.02568 +/- 0.0309813
  count = 4096, bin size = 32, number of bins = 128
merging observables b and c
  obseval_5: 1.50021 +/- 0.00246925; tau = 0.100804
  count = 16384, bin size = 128, number of bins = 128
1 / (observable a): 2.01122 +/- 0.0196134
1 / (observable b): 0.664652 +/- 0.00207716
