
Testing MCScalarData

------------------------

Initialization:

a:	0.81 +/- 0.1
b:	1.21 +/- 0.15
c:	-1.5 +/- 0.2


Operation:

a += b:	2.02 +/- 0.180277563773
a -= b:	-0.01 +/- 0.180277563773
a *= b:	1.452 +/- 0.216889372723
a /= b:	0.99173553719 +/- 0.148138359895


a += 2.:	3.2 +/- 0.1
a -= 2.:	-0.8 +/- 0.1
a *= 2.:	2.4 +/- 0.2
a /= 2.:	0.6 +/- 0.05


a + b:	0.99173553719 +/- 0.148138359895
a + 2.:	0.6 +/- 0.05
2. + a:	1.66666666667 +/- 0.138888888889
a - b:	0.99173553719 +/- 0.148138359895
a - 2.:	0.6 +/- 0.05
2. - a:	1.66666666667 +/- 0.138888888889
a * b:	0.99173553719 +/- 0.148138359895
a * 2.:	0.6 +/- 0.05
2. * a:	1.66666666667 +/- 0.138888888889
a / b:	0.99173553719 +/- 0.148138359895
a / 2.:	0.6 +/- 0.05
2. / a:	1.66666666667 +/- 0.138888888889


-a:	1.2 +/- 0.1
abs(c):	1.5 +/- 0.2


pow(a,2.71):	1.63900839031 +/- 0.370142728145
a.sq()	1.44 +/- 0.24
a.sqrt()	1.09544511501 +/- 0.0456435464588
a.cb()	1.728 +/- 0.432
a.cbrt()	1.06265856918 +/- 0.0295182935884
a.exp()	3.32011692274 +/- 0.332011692274
a.log()	0.182321556794 +/- 0.0833333333333
a.sin()	0.932039085967 +/- 0.0362357754477
a.cos()	0.362357754477 +/- 0.0932039085967
a.tan()	2.57215162213 +/- 0.761596396721
a.asin()	nan +/- nan
a.acos()	nan +/- nan
a.atan()	0.876058050598 +/- 0.0409836065574
a.sinh()	1.50946135541 +/- 0.181065556732
a.cosh()	1.81065556732 +/- 0.150946135541
a.tanh()	0.833654607012 +/- 0.0305019996207
