19
array([1, 2, 3], dtype=int32)
array([[[1, 2],
        [3, 4]],

       [[1, 2],
        [3, 4]],

       [[1, 2],
        [3, 4]],

       [[1, 2],
        [3, 4]]], dtype=int32)
{'string': 'str', 'numpycpx': array([ 1.1+1.j,  0.0+2.j,  3.5+0.j]), 'list': array([1, 2, 3], dtype=int32), '1': 1, 'scalar': 1, '4': {'a': array([1, 2, 3]), '(2+3j)': 'foo'}, 'numpy': array([1, 2, 3])}
array([1, 2, 3])
array([ 1.1,  2. ,  3.5])
array([ 1.1+1.j,  0.0+2.j,  3.5+0.j])
1
1.1
(1.1+1j)
['a', 'list', 'of', 'strings']
1
1
1.0
(1+1j)
'str'
[array([1, 2, 3], dtype=int32), array([1, 2, 3]), 'gurke', [[array([1, 2, 3]), 2, 3], ['x', (1+1j)]]]
array([[[0],
        [0]],

       [[0],
        [0]],

       [[0],
        [0]],

       [[0],
        [3]]], dtype=int32)
array([[0, 1, 2, 3, 4],
       [5, 6, 7, 8, 9]])
array([[0, 0, 0, 0, 0, 0, 0, 0, 0, 0],
       [0, 1, 2, 3, 4, 5, 6, 7, 8, 9]])
