mean double detailed: 0.5
read in double detailed count: 100
read in double detailed: 0.5
error double detailed: 0 0
mean double simple: 0.5 0.5
error double simple: 0 0
mean double none: 0.9 0.9
error double none: 0 0
mean float detailed: 0.30002 0.30002
error float detailed: 2.07571e-06 2.07571e-06
mean float simple: 0.3 0.3
error float simple: 4.93213e-05 4.93213e-05
mean float none: 0.2 0.2
error float none: 0 0
signed mean double detailed: -0.8 -0.8
signed error double detailed: 6.62795e-15 6.62795e-15
signed mean double simple: -0.7 -0.7
signed error double simple: 0 0
signed mean double none: -0.6 -0.6
signed error double none: 0 0
mean double detailed vec: 0.1 0.1
error double detailed vec: 1.10466e-15 1.10466e-15
mean double simple vec: 0.1 0.1
error double simple vec: 6.81494e-10 6.81494e-10
mean double none vec: 0.1 0.1
error double none vec: 6.78078e-10 6.78078e-10
signed mean double detailed vec: -0.1 -0.1
signed error double detailed vec: 1.10466e-15 1.10466e-15
signed mean double simple vec: -0.1 -0.1
signed error double simple vec: 6.81494e-10 6.81494e-10
signed mean double none vec: -0.1 -0.1
signed error double none vec: 6.78078e-10 6.78078e-10
