Volume of the lattice is: 36
Number of sites in a unit cell is: 1
Number of sites is: 23
Number of bonds is: 29
<GRAPH dimension="2" vertices="23" edges="29">
  <VERTEX id="1" type="0"><COORDINATE>0 0</COORDINATE></VERTEX>
  <VERTEX id="2" type="0"><COORDINATE>0 1</COORDINATE></VERTEX>
  <VERTEX id="3" type="0"><COORDINATE>0 3</COORDINATE></VERTEX>
  <VERTEX id="4" type="0"><COORDINATE>0 5</COORDINATE></VERTEX>
  <VERTEX id="5" type="0"><COORDINATE>1 0</COORDINATE></VERTEX>
  <VERTEX id="6" type="0"><COORDINATE>1 2</COORDINATE></VERTEX>
  <VERTEX id="7" type="0"><COORDINATE>1 3</COORDINATE></VERTEX>
  <VERTEX id="8" type="0"><COORDINATE>2 1</COORDINATE></VERTEX>
  <VERTEX id="9" type="0"><COORDINATE>2 2</COORDINATE></VERTEX>
  <VERTEX id="10" type="0"><COORDINATE>2 3</COORDINATE></VERTEX>
  <VERTEX id="11" type="0"><COORDINATE>3 0</COORDINATE></VERTEX>
  <VERTEX id="12" type="0"><COORDINATE>3 3</COORDINATE></VERTEX>
  <VERTEX id="13" type="0"><COORDINATE>3 4</COORDINATE></VERTEX>
  <VERTEX id="14" type="0"><COORDINATE>3 5</COORDINATE></VERTEX>
  <VERTEX id="15" type="0"><COORDINATE>4 0</COORDINATE></VERTEX>
  <VERTEX id="16" type="0"><COORDINATE>4 2</COORDINATE></VERTEX>
  <VERTEX id="17" type="0"><COORDINATE>4 4</COORDINATE></VERTEX>
  <VERTEX id="18" type="0"><COORDINATE>4 5</COORDINATE></VERTEX>
  <VERTEX id="19" type="0"><COORDINATE>5 0</COORDINATE></VERTEX>
  <VERTEX id="20" type="0"><COORDINATE>5 2</COORDINATE></VERTEX>
  <VERTEX id="21" type="0"><COORDINATE>5 3</COORDINATE></VERTEX>
  <VERTEX id="22" type="0"><COORDINATE>5 4</COORDINATE></VERTEX>
  <VERTEX id="23" type="0"><COORDINATE>5 5</COORDINATE></VERTEX>
  <EDGE source="1" target="2" id="1" type="0" vector="0 1"/>
  <EDGE source="1" target="5" id="2" type="0" vector="1 0"/>
  <EDGE source="3" target="7" id="3" type="0" vector="1 0"/>
  <EDGE source="4" target="1" id="4" type="0" vector="0 1"/>
  <EDGE source="6" target="7" id="5" type="0" vector="0 1"/>
  <EDGE source="6" target="9" id="6" type="0" vector="1 0"/>
  <EDGE source="7" target="10" id="7" type="0" vector="1 0"/>
  <EDGE source="8" target="9" id="8" type="0" vector="0 1"/>
  <EDGE source="9" target="10" id="9" type="0" vector="0 1"/>
  <EDGE source="10" target="12" id="10" type="0" vector="1 0"/>
  <EDGE source="11" target="15" id="11" type="0" vector="1 0"/>
  <EDGE source="12" target="13" id="12" type="0" vector="0 1"/>
  <EDGE source="13" target="14" id="13" type="0" vector="0 1"/>
  <EDGE source="13" target="17" id="14" type="0" vector="1 0"/>
  <EDGE source="14" target="11" id="15" type="0" vector="0 1"/>
  <EDGE source="14" target="18" id="16" type="0" vector="1 0"/>
  <EDGE source="15" target="19" id="17" type="0" vector="1 0"/>
  <EDGE source="16" target="20" id="18" type="0" vector="1 0"/>
  <EDGE source="17" target="18" id="19" type="0" vector="0 1"/>
  <EDGE source="17" target="22" id="20" type="0" vector="1 0"/>
  <EDGE source="18" target="15" id="21" type="0" vector="0 1"/>
  <EDGE source="18" target="23" id="22" type="0" vector="1 0"/>
  <EDGE source="19" target="1" id="23" type="0" vector="1 0"/>
  <EDGE source="20" target="21" id="24" type="0" vector="0 1"/>
  <EDGE source="21" target="22" id="25" type="0" vector="0 1"/>
  <EDGE source="21" target="3" id="26" type="0" vector="1 0"/>
  <EDGE source="22" target="23" id="27" type="0" vector="0 1"/>
  <EDGE source="23" target="19" id="28" type="0" vector="0 1"/>
  <EDGE source="23" target="4" id="29" type="0" vector="1 0"/>
</GRAPH>
