Site labels:
( 0,0 )
( 0,1 )
( 0,2 )
( 0,3 )
( 1,0 )
( 1,1 )
( 1,2 )
( 1,3 )
( 2,0 )
( 2,1 )
( 2,2 )
( 2,3 )
( 3,0 )
( 3,1 )
( 3,2 )
( 3,3 )
Bond labels:
( 0,0 ) -- ( 0,1 )
( 0,0 ) -- ( 1,0 )
( 0,1 ) -- ( 0,2 )
( 0,1 ) -- ( 1,1 )
( 0,2 ) -- ( 0,3 )
( 0,2 ) -- ( 1,2 )
( 0,3 ) -- ( 0,0 )
( 0,3 ) -- ( 1,3 )
( 1,0 ) -- ( 1,1 )
( 1,0 ) -- ( 2,0 )
( 1,1 ) -- ( 1,2 )
( 1,1 ) -- ( 2,1 )
( 1,2 ) -- ( 1,3 )
( 1,2 ) -- ( 2,2 )
( 1,3 ) -- ( 1,0 )
( 1,3 ) -- ( 2,3 )
( 2,0 ) -- ( 2,1 )
( 2,0 ) -- ( 3,0 )
( 2,1 ) -- ( 2,2 )
( 2,1 ) -- ( 3,1 )
( 2,2 ) -- ( 2,3 )
( 2,2 ) -- ( 3,2 )
( 2,3 ) -- ( 2,0 )
( 2,3 ) -- ( 3,3 )
( 3,0 ) -- ( 3,1 )
( 3,0 ) -- ( 0,0 )
( 3,1 ) -- ( 3,2 )
( 3,1 ) -- ( 0,1 )
( 3,2 ) -- ( 3,3 )
( 3,2 ) -- ( 0,2 )
( 3,3 ) -- ( 3,0 )
( 3,3 ) -- ( 0,3 )
Momenta labels:
( 0,0 )
( 0,1.570796326794897 )
( 0,3.141592653589793 )
( 0,4.71238898038469 )
( 1.570796326794897,0 )
( 1.570796326794897,1.570796326794897 )
( 1.570796326794897,3.141592653589793 )
( 1.570796326794897,4.71238898038469 )
( 3.141592653589793,0 )
( 3.141592653589793,1.570796326794897 )
( 3.141592653589793,3.141592653589793 )
( 3.141592653589793,4.71238898038469 )
( 4.71238898038469,0 )
( 4.71238898038469,1.570796326794897 )
( 4.71238898038469,3.141592653589793 )
( 4.71238898038469,4.71238898038469 )
Distance labels:
( 0,0 ) -- ( 0,0 )
( 0,0 ) -- ( 0,1 )
( 0,0 ) -- ( 0,2 )
( 0,0 ) -- ( 0,3 )
( 0,0 ) -- ( 1,0 )
( 0,0 ) -- ( 1,1 )
( 0,0 ) -- ( 1,2 )
( 0,0 ) -- ( 1,3 )
( 0,0 ) -- ( 2,0 )
( 0,0 ) -- ( 2,1 )
( 0,0 ) -- ( 2,2 )
( 0,0 ) -- ( 2,3 )
( 0,0 ) -- ( 3,0 )
( 0,0 ) -- ( 3,1 )
( 0,0 ) -- ( 3,2 )
( 0,0 ) -- ( 3,3 )
