<GRAPH dimension="2" vertices="16" edges="32">
  <VERTEX id="1" type="0"><COORDINATE>0 0</COORDINATE></VERTEX>
  <VERTEX id="2" type="0"><COORDINATE>1 0</COORDINATE></VERTEX>
  <VERTEX id="3" type="0"><COORDINATE>2 0</COORDINATE></VERTEX>
  <VERTEX id="4" type="0"><COORDINATE>3 0</COORDINATE></VERTEX>
  <VERTEX id="5" type="0"><COORDINATE>0 1</COORDINATE></VERTEX>
  <VERTEX id="6" type="0"><COORDINATE>1 1</COORDINATE></VERTEX>
  <VERTEX id="7" type="0"><COORDINATE>2 1</COORDINATE></VERTEX>
  <VERTEX id="8" type="0"><COORDINATE>3 1</COORDINATE></VERTEX>
  <VERTEX id="9" type="0"><COORDINATE>0 2</COORDINATE></VERTEX>
  <VERTEX id="10" type="0"><COORDINATE>1 2</COORDINATE></VERTEX>
  <VERTEX id="11" type="0"><COORDINATE>2 2</COORDINATE></VERTEX>
  <VERTEX id="12" type="0"><COORDINATE>3 2</COORDINATE></VERTEX>
  <VERTEX id="13" type="0"><COORDINATE>0 3</COORDINATE></VERTEX>
  <VERTEX id="14" type="0"><COORDINATE>1 3</COORDINATE></VERTEX>
  <VERTEX id="15" type="0"><COORDINATE>2 3</COORDINATE></VERTEX>
  <VERTEX id="16" type="0"><COORDINATE>3 3</COORDINATE></VERTEX>
  <EDGE source="1" target="5" id="1" type="0" vector="0 1"/>
  <EDGE source="1" target="2" id="2" type="0" vector="1 0"/>
  <EDGE source="2" target="6" id="3" type="0" vector="0 1"/>
  <EDGE source="2" target="3" id="4" type="0" vector="1 0"/>
  <EDGE source="3" target="7" id="5" type="0" vector="0 1"/>
  <EDGE source="3" target="4" id="6" type="0" vector="1 0"/>
  <EDGE source="4" target="8" id="7" type="0" vector="0 1"/>
  <EDGE source="4" target="1" id="8" type="0" vector="1 0"/>
  <EDGE source="5" target="9" id="9" type="0" vector="0 1"/>
  <EDGE source="5" target="6" id="10" type="0" vector="1 0"/>
  <EDGE source="6" target="10" id="11" type="0" vector="0 1"/>
  <EDGE source="6" target="7" id="12" type="0" vector="1 0"/>
  <EDGE source="7" target="11" id="13" type="0" vector="0 1"/>
  <EDGE source="7" target="8" id="14" type="0" vector="1 0"/>
  <EDGE source="8" target="12" id="15" type="0" vector="0 1"/>
  <EDGE source="8" target="5" id="16" type="0" vector="1 0"/>
  <EDGE source="9" target="13" id="17" type="0" vector="0 1"/>
  <EDGE source="9" target="10" id="18" type="0" vector="1 0"/>
  <EDGE source="10" target="14" id="19" type="0" vector="0 1"/>
  <EDGE source="10" target="11" id="20" type="0" vector="1 0"/>
  <EDGE source="11" target="15" id="21" type="0" vector="0 1"/>
  <EDGE source="11" target="12" id="22" type="0" vector="1 0"/>
  <EDGE source="12" target="16" id="23" type="0" vector="0 1"/>
  <EDGE source="12" target="9" id="24" type="0" vector="1 0"/>
  <EDGE source="13" target="1" id="25" type="0" vector="0 1"/>
  <EDGE source="13" target="14" id="26" type="0" vector="1 0"/>
  <EDGE source="14" target="2" id="27" type="0" vector="0 1"/>
  <EDGE source="14" target="15" id="28" type="0" vector="1 0"/>
  <EDGE source="15" target="3" id="29" type="0" vector="0 1"/>
  <EDGE source="15" target="16" id="30" type="0" vector="1 0"/>
  <EDGE source="16" target="4" id="31" type="0" vector="0 1"/>
  <EDGE source="16" target="13" id="32" type="0" vector="1 0"/>
</GRAPH>
vertex 0's parity is black
vertex 1's parity is white
vertex 2's parity is black
vertex 3's parity is white
vertex 4's parity is white
vertex 5's parity is black
vertex 6's parity is white
vertex 7's parity is black
vertex 8's parity is black
vertex 9's parity is white
vertex 10's parity is black
vertex 11's parity is white
vertex 12's parity is white
vertex 13's parity is black
vertex 14's parity is white
vertex 15's parity is black
