Parameters:
L = 10;
T = 0.1;
beta = 1/T;
error = error;

The value of [sqrt(4)] is 2
The value of [3 + 5] is 8
The value of [L] is 10
The value of [T] is 0.1
The value of [1 / L] is 0.1
The value of [1 / T] is 10
The value of [2 * Pi / L] is 0.628319
The value of [L + T] is 10.1
The value of [L + 10] is 20
The value of [L - T] is 9.9
The value of [1 / T + 10] is 20
The value of [L / (1 / T + 10)] is 0.5
The value of [L * L] is 100
The value of [beta] is 10
The value of [sqrt(L)] is 3.16228
The value of [sin(2 * Pi / L)] is 0.587785
The value of [cos(2 * Pi / L)] is 0.809017
The value of [L^2] is 100
The value of [(L + 1)^3] is 1331
The value of [(L + 1)^-1 * 5] is 0.454545
The value of [random()] is 0.814724
The value of [random()] is 0.135477
The value of [random()] is 0.905792
The value of [integer_random(50)] is 41
The value of [integer_random(50)] is 6
The value of [integer_random(50)] is 48
The value of [gaussian_random()] is 0.604675
The value of [gaussian_random()] is -0.365983
The value of [gaussian_random(100, 20)] is 88.4347
Cannot evaluate [error].
The value of [sqrt(3.33)] is 1.82483
The value of [L*T] is 1
The value of [1/L] is 0.1
The value of [2*Pi*L] is 62.8319
Cannot evaluate [error].
