[Output to std::cout]
{
J = 1.0;
L = 16;
T = 1.0;
}
{
J = 1.0;
L = 24;
T = 2.0;
}
{
J = 1.0;
L = 32;
T = 1.0;
}

[Output to alps::oxstream]
<PARAMETERLIST>
  <PARAMETERS>
    <PARAMETER name="J">1.0</PARAMETER>
    <PARAMETER name="L">16</PARAMETER>
    <PARAMETER name="T">1.0</PARAMETER>
  </PARAMETERS>
  <PARAMETERS>
    <PARAMETER name="J">1.0</PARAMETER>
    <PARAMETER name="L">24</PARAMETER>
    <PARAMETER name="T">2.0</PARAMETER>
  </PARAMETERS>
  <PARAMETERS>
    <PARAMETER name="J">1.0</PARAMETER>
    <PARAMETER name="L">32</PARAMETER>
    <PARAMETER name="T">1.0</PARAMETER>
  </PARAMETERS>
</PARAMETERLIST>
